Copyright 1986-2018 Xilinx, Inc. All Rights Reserved.
--------------------------------------------------------------------------------------
| Tool Version : Vivado v.2018.3 (win64) Build 2405991 Thu Dec  6 23:38:27 MST 2018
| Date         : Tue May 26 22:03:15 2020
| Host         : LAPTOP-N3N9V3PL running 64-bit major release  (build 9200)
| Command      : report_control_sets -verbose -file TopSystem_control_sets_placed.rpt
| Design       : TopSystem
| Device       : xc7a35t
--------------------------------------------------------------------------------------

Control Set Information

Table of Contents
-----------------
1. Summary
2. Histogram
3. Flip-Flop Distribution
4. Detailed Control Set Information

1. Summary
----------

+----------------------------------------------------------+-------+
|                          Status                          | Count |
+----------------------------------------------------------+-------+
| Number of unique control sets                            |    32 |
| Unused register locations in slices containing registers |   193 |
+----------------------------------------------------------+-------+


2. Histogram
------------

+--------+--------------+
| Fanout | Control Sets |
+--------+--------------+
|      1 |           21 |
|      2 |            1 |
|      4 |            1 |
|      5 |            1 |
|      7 |            1 |
|      9 |            1 |
|     10 |            2 |
|    16+ |            4 |
+--------+--------------+


3. Flip-Flop Distribution
-------------------------

+--------------+-----------------------+------------------------+-----------------+--------------+
| Clock Enable | Synchronous Set/Reset | Asynchronous Set/Reset | Total Registers | Total Slices |
+--------------+-----------------------+------------------------+-----------------+--------------+
| No           | No                    | No                     |              52 |           34 |
| No           | No                    | Yes                    |               0 |            0 |
| No           | Yes                   | No                     |               0 |            0 |
| Yes          | No                    | No                     |              82 |           25 |
| Yes          | No                    | Yes                    |               0 |            0 |
| Yes          | Yes                   | No                     |               9 |            3 |
+--------------+-----------------------+------------------------+-----------------+--------------+


4. Detailed Control Set Information
-----------------------------------

+----------------------------------------+--------------------------------------------------+--------------------------------------------+------------------+----------------+
|              Clock Signal              |                   Enable Signal                  |              Set/Reset Signal              | Slice Load Count | Bel Load Count |
+----------------------------------------+--------------------------------------------------+--------------------------------------------+------------------+----------------+
|  CLK50MHZ_BUFG                         | keyboard_handler/uut/db_data/O_i_1__0_n_0        |                                            |                1 |              1 |
|  CLK50MHZ_BUFG                         | keyboard_handler/uut/db_clk/clear                |                                            |                1 |              1 |
|  CLK50MHZ_BUFG                         | keyboard_handler/uut/db_clk/O_i_1_n_0            |                                            |                1 |              1 |
|  CLK50MHZ_BUFG                         | keyboard_handler/uut/db_data/Iv_i_1__0_n_0       |                                            |                1 |              1 |
|  segDisp/genblk1[0].fdiv/clkDiv_reg_0  |                                                  |                                            |                1 |              1 |
|  segDisp/genblk1[10].fdiv/clkDiv_reg_0 |                                                  |                                            |                1 |              1 |
|  segDisp/genblk1[11].fdiv/clkDiv_reg_0 |                                                  |                                            |                1 |              1 |
|  segDisp/genblk1[7].fdiv/clkDiv_reg_0  |                                                  |                                            |                1 |              1 |
|  segDisp/genblk1[6].fdiv/clkDiv_reg_0  |                                                  |                                            |                1 |              1 |
|  segDisp/genblk1[8].fdiv/clkDiv_reg_0  |                                                  |                                            |                1 |              1 |
|  segDisp/genblk1[5].fdiv/clkDiv_reg_0  |                                                  |                                            |                1 |              1 |
|  segDisp/genblk1[4].fdiv/clkDiv_reg_0  |                                                  |                                            |                1 |              1 |
|  segDisp/genblk1[3].fdiv/clkDiv_reg_0  |                                                  |                                            |                1 |              1 |
|  segDisp/genblk1[15].fdiv/clkDiv_reg_0 |                                                  |                                            |                1 |              1 |
|  segDisp/genblk1[13].fdiv/clkDiv_reg_0 |                                                  |                                            |                1 |              1 |
|  segDisp/genblk1[16].fdiv/clkDiv_reg_0 |                                                  |                                            |                1 |              1 |
|  segDisp/genblk1[14].fdiv/clkDiv_reg_0 |                                                  |                                            |                1 |              1 |
|  segDisp/genblk1[9].fdiv/clkDiv_reg_0  |                                                  |                                            |                1 |              1 |
|  segDisp/genblk1[12].fdiv/clkDiv_reg_0 |                                                  |                                            |                1 |              1 |
|  segDisp/genblk1[2].fdiv/clkDiv_reg_0  |                                                  |                                            |                1 |              1 |
|  segDisp/genblk1[1].fdiv/clkDiv_reg_0  |                                                  |                                            |                1 |              1 |
|  segDisp/genblk1[17].fdiv/CLK          |                                                  |                                            |                1 |              2 |
| ~keyboard_handler/uut/db_clk/O_reg_0   | keyboard_handler/uut/cnt                         | keyboard_handler/uut/cnt[3]_i_1_n_0        |                1 |              4 |
|  CLK50MHZ_BUFG                         | keyboard_handler/uut/db_data/count[4]_i_1__0_n_0 | keyboard_handler/uut/db_data/Iv_i_1__0_n_0 |                2 |              5 |
|  CLK50MHZ_BUFG                         |                                                  |                                            |                4 |              7 |
| ~keyboard_handler/uut/db_clk/O_reg_0   |                                                  |                                            |                3 |              9 |
|  clk_IBUF_BUFG                         | image_handler/vga_sync_unit/p_tick               |                                            |                3 |             10 |
|  clk_IBUF_BUFG                         | image_handler/vga_sync_unit/v_count_reg0         |                                            |                5 |             10 |
|  clk_IBUF_BUFG                         | keyboard_handler/uut/E[0]                        |                                            |                4 |             16 |
|  CLK50MHZ_BUFG                         | keyboard_handler/uut/oflag_i_1_n_0               |                                            |                3 |             16 |
|  clk_IBUF_BUFG                         |                                                  |                                            |                9 |             17 |
|  clk_IBUF_BUFG                         | image_handler/vga_sync_unit/text_pos_y           |                                            |                6 |             26 |
+----------------------------------------+--------------------------------------------------+--------------------------------------------+------------------+----------------+


